<?xml version="1.0" encoding="UTF-8"?>
<testng-results skipped="0" failed="0" ignored="0" total="2" passed="2">
  <reporter-output>
  </reporter-output>
  <suite name="Default suite" duration-ms="60536" started-at="2019-09-08T10:14:59Z" finished-at="2019-09-08T10:16:00Z">
    <groups>
      <group name="cucumber">
        <method signature="AbstractTestNGCucumberTests.runScenario(cucumber.api.testng.PickleEventWrapper, cucumber.api.testng.CucumberFeatureWrapper)[pri:0, instance:com.leafBot.testcases.testcase@2b2948e2]" name="runScenario" class="cucumber.api.testng.AbstractTestNGCucumberTests"/>
      </group> <!-- cucumber -->
    </groups>
    <test name="Default test" duration-ms="60536" started-at="2019-09-08T10:14:59Z" finished-at="2019-09-08T10:16:00Z">
      <class name="com.leafBot.testcases.testcase">
        <test-method status="PASS" signature="startReport()[pri:0, instance:com.leafBot.testcases.testcase@2b2948e2]" name="startReport" is-config="true" duration-ms="874" started-at="2019-09-08T10:14:58Z" finished-at="2019-09-08T10:14:59Z">
          <reporter-output>
          </reporter-output>
        </test-method> <!-- startReport -->
        <test-method status="PASS" signature="setexcelfilename()[pri:0, instance:com.leafBot.testcases.testcase@2b2948e2]" name="setexcelfilename" is-config="true" duration-ms="1" started-at="2019-09-08T10:14:59Z" finished-at="2019-09-08T10:14:59Z">
          <reporter-output>
          </reporter-output>
        </test-method> <!-- setexcelfilename -->
        <test-method status="PASS" signature="setReportvalue()[pri:0, instance:com.leafBot.testcases.testcase@2b2948e2]" name="setReportvalue" is-config="true" duration-ms="0" started-at="2019-09-08T10:14:59Z" finished-at="2019-09-08T10:14:59Z">
          <reporter-output>
          </reporter-output>
        </test-method> <!-- setReportvalue -->
        <test-method status="PASS" signature="setUpClass()[pri:0, instance:com.leafBot.testcases.testcase@2b2948e2]" name="setUpClass" is-config="true" duration-ms="259" started-at="2019-09-08T10:14:59Z" finished-at="2019-09-08T10:15:00Z">
          <reporter-output>
          </reporter-output>
        </test-method> <!-- setUpClass -->
        <test-method status="PASS" signature="report()[pri:0, instance:com.leafBot.testcases.testcase@2b2948e2]" name="report" is-config="true" duration-ms="17" started-at="2019-09-08T10:15:00Z" finished-at="2019-09-08T10:15:00Z">
          <reporter-output>
          </reporter-output>
        </test-method> <!-- report -->
        <test-method status="PASS" signature="beforeMethod()[pri:0, instance:com.leafBot.testcases.testcase@2b2948e2]" name="beforeMethod" is-config="true" duration-ms="8039" started-at="2019-09-08T10:15:01Z" finished-at="2019-09-08T10:15:09Z">
          <reporter-output>
          </reporter-output>
        </test-method> <!-- beforeMethod -->
        <test-method status="PASS" signature="runtest(java.lang.String, java.lang.String, java.lang.String, java.lang.String, java.lang.String)[pri:0, instance:com.leafBot.testcases.testcase@2b2948e2]" name="runtest" duration-ms="21330" started-at="2019-09-08T10:15:09Z" data-provider="fetchdata" finished-at="2019-09-08T10:15:31Z">
          <params>
            <param index="0">
              <value>
                <![CDATA[Demosalesmanager]]>
              </value>
            </param>
            <param index="1">
              <value>
                <![CDATA[crmsfa]]>
              </value>
            </param>
            <param index="2">
              <value>
                <![CDATA[Company1]]>
              </value>
            </param>
            <param index="3">
              <value>
                <![CDATA[antonyl]]>
              </value>
            </param>
            <param index="4">
              <value>
                <![CDATA[kl]]>
              </value>
            </param>
          </params>
          <reporter-output>
          </reporter-output>
        </test-method> <!-- runtest -->
        <test-method status="PASS" signature="afterMethod()[pri:0, instance:com.leafBot.testcases.testcase@2b2948e2]" name="afterMethod" is-config="true" duration-ms="2221" started-at="2019-09-08T10:15:31Z" finished-at="2019-09-08T10:15:33Z">
          <reporter-output>
          </reporter-output>
        </test-method> <!-- afterMethod -->
        <test-method status="PASS" signature="beforeMethod()[pri:0, instance:com.leafBot.testcases.testcase@2b2948e2]" name="beforeMethod" is-config="true" duration-ms="6010" started-at="2019-09-08T10:15:33Z" finished-at="2019-09-08T10:15:39Z">
          <reporter-output>
          </reporter-output>
        </test-method> <!-- beforeMethod -->
        <test-method status="PASS" signature="runtest(java.lang.String, java.lang.String, java.lang.String, java.lang.String, java.lang.String)[pri:0, instance:com.leafBot.testcases.testcase@2b2948e2]" name="runtest" duration-ms="18875" started-at="2019-09-08T10:15:39Z" data-provider="fetchdata" finished-at="2019-09-08T10:15:58Z">
          <params>
            <param index="0">
              <value>
                <![CDATA[DemoCSR]]>
              </value>
            </param>
            <param index="1">
              <value>
                <![CDATA[crmsfa]]>
              </value>
            </param>
            <param index="2">
              <value>
                <![CDATA[company2]]>
              </value>
            </param>
            <param index="3">
              <value>
                <![CDATA[antonyl]]>
              </value>
            </param>
            <param index="4">
              <value>
                <![CDATA[mk]]>
              </value>
            </param>
          </params>
          <reporter-output>
          </reporter-output>
        </test-method> <!-- runtest -->
        <test-method status="PASS" signature="afterMethod()[pri:0, instance:com.leafBot.testcases.testcase@2b2948e2]" name="afterMethod" is-config="true" duration-ms="2173" started-at="2019-09-08T10:15:58Z" finished-at="2019-09-08T10:16:00Z">
          <reporter-output>
          </reporter-output>
        </test-method> <!-- afterMethod -->
        <test-method status="PASS" signature="tearDownClass()[pri:0, instance:com.leafBot.testcases.testcase@2b2948e2]" name="tearDownClass" is-config="true" duration-ms="10" started-at="2019-09-08T10:16:00Z" finished-at="2019-09-08T10:16:00Z">
          <reporter-output>
          </reporter-output>
        </test-method> <!-- tearDownClass -->
        <test-method status="PASS" signature="stopReport()[pri:0, instance:com.leafBot.testcases.testcase@2b2948e2]" name="stopReport" is-config="true" duration-ms="969" started-at="2019-09-08T10:16:00Z" finished-at="2019-09-08T10:16:01Z">
          <reporter-output>
          </reporter-output>
        </test-method> <!-- stopReport -->
      </class> <!-- com.leafBot.testcases.testcase -->
    </test> <!-- Default test -->
  </suite> <!-- Default suite -->
</testng-results>
